C:\Program Files (x86)\Microsoft Visual Studio\2017\SUperHiper\Common7\IDE\VC\VCTargets\Microsoft.CppBuild.targets(391,5): warning MSB8028: The intermediate directory (Debug\) contains files shared from another project (Chess_v1.001.vcxproj).  This can lead to incorrect clean and rebuild behavior.
  Loader.cpp
  main.cpp
c:\users\michal.hudy\desktop\chess\chess_v1.001\controls.h(105): warning C4305: '-=': truncation from 'double' to 'float'
c:\users\michal.hudy\desktop\chess\chess_v1.001\controls.h(108): warning C4305: '-=': truncation from 'double' to 'float'
c:\users\michal.hudy\desktop\chess\chess_v1.001\controls.h(111): warning C4305: '+=': truncation from 'double' to 'float'
c:\users\michal.hudy\desktop\chess\chess_v1.001\point.h(11): warning C4244: '=': conversion from 'T' to 'int', possible loss of data
          with
          [
              T=float
          ]
c:\users\michal.hudy\desktop\chess\chess_v1.001\kingcontroller.h(88): warning C4018: '<': signed/unsigned mismatch
c:\users\michal.hudy\desktop\chess\chess_v1.001\kingcontroller.h(95): warning C4018: '<': signed/unsigned mismatch
c:\users\michal.hudy\desktop\chess\chess_v1.001\kingcontroller.h(98): warning C4018: '<': signed/unsigned mismatch
c:\users\michal.hudy\desktop\chess\chess_v1.001\factory.h(62): warning C4244: 'argument': conversion from 'T' to 'int', possible loss of data
          with
          [
              T=float
          ]
c:\users\michal.hudy\desktop\chess\chess_v1.001\factory.h(67): warning C4244: 'argument': conversion from 'T' to 'int', possible loss of data
          with
          [
              T=float
          ]
c:\users\michal.hudy\desktop\chess\chess_v1.001\factory.h(72): warning C4244: 'argument': conversion from 'T' to 'int', possible loss of data
          with
          [
              T=float
          ]
c:\users\michal.hudy\desktop\chess\chess_v1.001\factory.h(77): warning C4244: 'argument': conversion from 'T' to 'int', possible loss of data
          with
          [
              T=float
          ]
c:\users\michal.hudy\desktop\chess\chess_v1.001\factory.h(82): warning C4244: 'argument': conversion from 'T' to 'int', possible loss of data
          with
          [
              T=float
          ]
c:\users\michal.hudy\desktop\chess\chess_v1.001\factory.h(87): warning C4244: 'argument': conversion from 'T' to 'int', possible loss of data
          with
          [
              T=float
          ]
c:\users\michal.hudy\desktop\chess\chess_v1.001\scene.h(38): warning C4018: '<': signed/unsigned mismatch
c:\users\michal.hudy\desktop\chess\chess_v1.001\scene.h(94): warning C4244: 'argument': conversion from 'double' to 'GLsizei', possible loss of data
c:\users\michal.hudy\desktop\chess\chess_v1.001\scene.h(94): warning C4244: 'argument': conversion from 'double' to 'GLint', possible loss of data
c:\users\michal.hudy\desktop\chess\chess_v1.001\scene.h(96): warning C4244: 'argument': conversion from 'double' to 'GLsizei', possible loss of data
c:\users\michal.hudy\desktop\chess\chess_v1.001\scene.h(96): warning C4244: 'argument': conversion from 'double' to 'GLint', possible loss of data
c:\users\michal.hudy\desktop\chess\chess_v1.001\scene.h(108): warning C4018: '<': signed/unsigned mismatch
c:\users\michal.hudy\desktop\chess\chess_v1.001\game.h(92): warning C4018: '<': signed/unsigned mismatch
c:\users\michal.hudy\desktop\chess\chess_v1.001\game.h(198): warning C4018: '<': signed/unsigned mismatch
c:\users\michal.hudy\desktop\chess\chess_v1.001\game.h(204): warning C4018: '<': signed/unsigned mismatch
c:\users\michal.hudy\desktop\chess\chess_v1.001\game.h(224): warning C4018: '<': signed/unsigned mismatch
c:\users\michal.hudy\desktop\chess\chess_v1.001\game.h(272): warning C4018: '<': signed/unsigned mismatch
c:\users\michal.hudy\desktop\chess\chess_v1.001\game.h(290): warning C4018: '<': signed/unsigned mismatch
c:\users\michal.hudy\desktop\chess\chess_v1.001\game.h(308): warning C4018: '<': signed/unsigned mismatch
c:\users\michal.hudy\desktop\chess\chess_v1.001\game.h(326): warning C4018: '<': signed/unsigned mismatch
c:\users\michal.hudy\desktop\chess\chess_v1.001\main.cpp(36): warning C4018: '<': signed/unsigned mismatch
c:\users\michal.hudy\desktop\chess\chess_v1.001\main.cpp(52): warning C4244: 'argument': conversion from 'double' to 'GLint', possible loss of data
c:\users\michal.hudy\desktop\chess\chess_v1.001\main.cpp(59): warning C4018: '<': signed/unsigned mismatch
  Generating Code...
glfw3.lib(context.obj) : warning LNK4099: PDB 'glfw.pdb' was not found with 'glfw3.lib(context.obj)' or at 'C:\Users\michal.hudy\Desktop\Chess\Debug\glfw.pdb'; linking object as if no debug info
glfw3.lib(init.obj) : warning LNK4099: PDB 'glfw.pdb' was not found with 'glfw3.lib(init.obj)' or at 'C:\Users\michal.hudy\Desktop\Chess\Debug\glfw.pdb'; linking object as if no debug info
glfw3.lib(input.obj) : warning LNK4099: PDB 'glfw.pdb' was not found with 'glfw3.lib(input.obj)' or at 'C:\Users\michal.hudy\Desktop\Chess\Debug\glfw.pdb'; linking object as if no debug info
glfw3.lib(monitor.obj) : warning LNK4099: PDB 'glfw.pdb' was not found with 'glfw3.lib(monitor.obj)' or at 'C:\Users\michal.hudy\Desktop\Chess\Debug\glfw.pdb'; linking object as if no debug info
glfw3.lib(window.obj) : warning LNK4099: PDB 'glfw.pdb' was not found with 'glfw3.lib(window.obj)' or at 'C:\Users\michal.hudy\Desktop\Chess\Debug\glfw.pdb'; linking object as if no debug info
glfw3.lib(win32_init.obj) : warning LNK4099: PDB 'glfw.pdb' was not found with 'glfw3.lib(win32_init.obj)' or at 'C:\Users\michal.hudy\Desktop\Chess\Debug\glfw.pdb'; linking object as if no debug info
glfw3.lib(win32_monitor.obj) : warning LNK4099: PDB 'glfw.pdb' was not found with 'glfw3.lib(win32_monitor.obj)' or at 'C:\Users\michal.hudy\Desktop\Chess\Debug\glfw.pdb'; linking object as if no debug info
glfw3.lib(win32_time.obj) : warning LNK4099: PDB 'glfw.pdb' was not found with 'glfw3.lib(win32_time.obj)' or at 'C:\Users\michal.hudy\Desktop\Chess\Debug\glfw.pdb'; linking object as if no debug info
glfw3.lib(win32_tls.obj) : warning LNK4099: PDB 'glfw.pdb' was not found with 'glfw3.lib(win32_tls.obj)' or at 'C:\Users\michal.hudy\Desktop\Chess\Debug\glfw.pdb'; linking object as if no debug info
glfw3.lib(win32_window.obj) : warning LNK4099: PDB 'glfw.pdb' was not found with 'glfw3.lib(win32_window.obj)' or at 'C:\Users\michal.hudy\Desktop\Chess\Debug\glfw.pdb'; linking object as if no debug info
glfw3.lib(winmm_joystick.obj) : warning LNK4099: PDB 'glfw.pdb' was not found with 'glfw3.lib(winmm_joystick.obj)' or at 'C:\Users\michal.hudy\Desktop\Chess\Debug\glfw.pdb'; linking object as if no debug info
glfw3.lib(wgl_context.obj) : warning LNK4099: PDB 'glfw.pdb' was not found with 'glfw3.lib(wgl_context.obj)' or at 'C:\Users\michal.hudy\Desktop\Chess\Debug\glfw.pdb'; linking object as if no debug info
  Chess_v1.001.vcxproj -> C:\Users\michal.hudy\Desktop\Chess\Debug\Chess.exe
