Loader.obj : error LNK2001: unresolved external symbol __imp___glewGetShaderiv
Loader.obj : error LNK2001: unresolved external symbol __imp___glewCompileShader
Loader.obj : error LNK2001: unresolved external symbol __imp___glewCreateShader
Loader.obj : error LNK2001: unresolved external symbol __imp___glewBindBuffer
Loader.obj : error LNK2001: unresolved external symbol __imp___glewCreateProgram
Loader.obj : error LNK2001: unresolved external symbol __imp___glewGetShaderInfoLog
Loader.obj : error LNK2001: unresolved external symbol __imp___glewGetProgramiv
Loader.obj : error LNK2001: unresolved external symbol __imp___glewBufferData
Loader.obj : error LNK2001: unresolved external symbol __imp___glewAttachShader
Loader.obj : error LNK2001: unresolved external symbol __imp___glewShaderSource
Loader.obj : error LNK2001: unresolved external symbol __imp___glewDetachShader
Loader.obj : error LNK2001: unresolved external symbol __imp___glewGetProgramInfoLog
Loader.obj : error LNK2001: unresolved external symbol __imp___glewGenBuffers
Loader.obj : error LNK2001: unresolved external symbol __imp___glewDeleteShader
Loader.obj : error LNK2001: unresolved external symbol __imp___glewLinkProgram
main.obj : error LNK2001: unresolved external symbol glfwSwapBuffers
main.obj : error LNK2001: unresolved external symbol __imp___glewEnableVertexAttribArray
main.obj : error LNK2001: unresolved external symbol __imp___glewBindVertexArray
main.obj : error LNK2001: unresolved external symbol __imp___glewUseProgram
main.obj : error LNK2001: unresolved external symbol __imp___glewVertexAttribPointer
main.obj : error LNK2001: unresolved external symbol glfwGetTime
main.obj : error LNK2001: unresolved external symbol glfwGetKey
main.obj : error LNK2001: unresolved external symbol glfwTerminate
main.obj : error LNK2001: unresolved external symbol glfwGetWindowSize
main.obj : error LNK2001: unresolved external symbol glfwSetMouseButtonCallback
main.obj : error LNK2001: unresolved external symbol glfwPollEvents
main.obj : error LNK2001: unresolved external symbol glfwInit
main.obj : error LNK2001: unresolved external symbol __imp___glewDeleteVertexArrays
main.obj : error LNK2001: unresolved external symbol glfwCreateWindow
main.obj : error LNK2001: unresolved external symbol glfwWindowHint
main.obj : error LNK2001: unresolved external symbol __imp___glewGetUniformLocation
main.obj : error LNK2001: unresolved external symbol glfwSetInputMode
main.obj : error LNK2001: unresolved external symbol glfwMakeContextCurrent
main.obj : error LNK2001: unresolved external symbol __imp___glewDeleteProgram
main.obj : error LNK2001: unresolved external symbol __imp___glewGenVertexArrays
main.obj : error LNK2001: unresolved external symbol __imp___glewDisableVertexAttribArray
main.obj : error LNK2001: unresolved external symbol __imp___glewUniformMatrix4fv
main.obj : error LNK2001: unresolved external symbol __imp_glewExperimental
main.obj : error LNK2001: unresolved external symbol glfwGetCursorPos
main.obj : error LNK2001: unresolved external symbol __imp___glewUniform3f
main.obj : error LNK2001: unresolved external symbol glfwWindowShouldClose
main.obj : error LNK2001: unresolved external symbol __imp___glewUniform4f
main.obj : error LNK2001: unresolved external symbol __imp_glewInit
main.obj : error LNK2001: unresolved external symbol __imp___glewDeleteBuffers
C:\Users\paszk\Desktop\Chess__\x64\Release\Chess_v1.001.exe : fatal error LNK1120: 44 unresolved externals
